2024-11-25 17:17:59,464 [[92mDEBUG[0m] audio_utils: Starting conversion of audio file from URL: https://res.cloudinary.com/dgzxpywll/video/upload/v1732546739/test_audio.mp3
2024-11-25 17:18:02,476 [[94mINFO[0m] audio_utils: Converting file to 16 kHz mono WAV: tmp/tmp_audio_file.wav
2024-11-25 17:18:02,682 [[92mDEBUG[0m] audio_utils: Conversion completed. Output file: tmp/tmp_audio_file_16000_mono.wav
2024-11-25 17:18:02,684 [[94mINFO[0m] main_controller: Traitement du fichier tmp/tmp_audio_file_16000_mono.wav
2024-11-25 17:18:02,684 [[94mINFO[0m] main_controller: Diarization avec 4 speakers et PyAnnote pipeline.
2024-11-25 17:18:02,684 [[94mINFO[0m] diarization_service: Starting diarization pyannote process.
2024-11-25 17:18:02,685 [[94mINFO[0m] diarization_service: Diarizing audio: tmp/tmp_audio_file_16000_mono.wav...
2024-11-25 17:18:05,525 [[94mINFO[0m] main_controller: Résultat de la diarization : 106 segments pour 4 speakers.
2024-11-25 17:18:05,526 [[92mDEBUG[0m] main_controller: Segments reçus pour la transcription : [{'start': 0.03096875, 'end': 3.9797187500000004, 'speaker': 'SPEAKER_02'}, {'start': 4.806593750000001, 'end': 11.45534375, 'speaker': 'SPEAKER_02'}, {'start': 11.77596875, 'end': 12.282218750000002, 'speaker': 'SPEAKER_02'}, {'start': 12.771593750000001, 'end': 22.69409375, 'speaker': 'SPEAKER_02'}, {'start': 25.42784375, 'end': 26.28846875, 'speaker': 'SPEAKER_02'}, {'start': 27.53721875, 'end': 34.30409375, 'speaker': 'SPEAKER_02'}, {'start': 31.40159375, 'end': 31.85721875, 'speaker': 'SPEAKER_01'}, {'start': 34.84409375, 'end': 38.79284375, 'speaker': 'SPEAKER_02'}, {'start': 38.10096875, 'end': 38.775968750000004, 'speaker': 'SPEAKER_03'}, {'start': 38.79284375, 'end': 43.45034375, 'speaker': 'SPEAKER_03'}, {'start': 39.65346875, 'end': 40.09221875, 'speaker': 'SPEAKER_02'}, {'start': 41.290343750000005, 'end': 42.42096875, 'speaker': 'SPEAKER_02'}, {'start': 43.197218750000005, 'end': 58.384718750000005, 'speaker': 'SPEAKER_02'}, {'start': 44.42909375, 'end': 44.74971875, 'speaker': 'SPEAKER_03'}, {'start': 59.734718750000006, 'end': 63.59909375, 'speaker': 'SPEAKER_02'}, {'start': 62.87346875, 'end': 63.41346875000001, 'speaker': 'SPEAKER_03'}, {'start': 65.96159375, 'end': 67.02471875, 'speaker': 'SPEAKER_03'}, {'start': 67.02471875, 'end': 67.68284375, 'speaker': 'SPEAKER_02'}, {'start': 67.04159375, 'end': 67.64909375, 'speaker': 'SPEAKER_03'}, {'start': 70.58534375, 'end': 80.03534375000001, 'speaker': 'SPEAKER_02'}, {'start': 80.03534375000001, 'end': 84.05159375000001, 'speaker': 'SPEAKER_01'}, {'start': 84.16971875, 'end': 85.82346875, 'speaker': 'SPEAKER_01'}, {'start': 88.45596875000001, 'end': 89.75534375000001, 'speaker': 'SPEAKER_01'}, {'start': 90.43034375, 'end': 90.80159375000001, 'speaker': 'SPEAKER_01'}, {'start': 91.18971875000001, 'end': 95.93159375, 'speaker': 'SPEAKER_03'}, {'start': 95.08784375, 'end': 98.19284375000001, 'speaker': 'SPEAKER_01'}, {'start': 99.34034375, 'end': 99.96471875, 'speaker': 'SPEAKER_03'}, {'start': 99.96471875, 'end': 100.82534375, 'speaker': 'SPEAKER_00'}, {'start': 100.21784375, 'end': 100.23471875000001, 'speaker': 'SPEAKER_03'}, {'start': 100.23471875000001, 'end': 100.47096875000001, 'speaker': 'SPEAKER_01'}, {'start': 100.47096875000001, 'end': 100.48784375000001, 'speaker': 'SPEAKER_03'}, {'start': 100.82534375, 'end': 100.84221875, 'speaker': 'SPEAKER_03'}, {'start': 101.31471875000001, 'end': 101.97284375000001, 'speaker': 'SPEAKER_01'}, {'start': 101.97284375000001, 'end': 102.44534375, 'speaker': 'SPEAKER_00'}, {'start': 102.44534375, 'end': 102.56346875000001, 'speaker': 'SPEAKER_01'}, {'start': 102.66471875, 'end': 105.97221875000001, 'speaker': 'SPEAKER_00'}, {'start': 102.90096875, 'end': 103.13721875, 'speaker': 'SPEAKER_01'}, {'start': 103.93034375, 'end': 103.94721875, 'speaker': 'SPEAKER_01'}, {'start': 103.94721875, 'end': 109.06034375, 'speaker': 'SPEAKER_02'}, {'start': 105.97221875000001, 'end': 106.84971875000001, 'speaker': 'SPEAKER_03'}, {'start': 108.67221875000001, 'end': 124.31534375000001, 'speaker': 'SPEAKER_03'}, {'start': 113.71784375, 'end': 114.12284375, 'speaker': 'SPEAKER_02'}, {'start': 116.77221875000001, 'end': 117.14346875000001, 'speaker': 'SPEAKER_02'}, {'start': 125.19284375000001, 'end': 159.38159375, 'speaker': 'SPEAKER_03'}, {'start': 133.12409375000001, 'end': 133.56284375, 'speaker': 'SPEAKER_00'}, {'start': 141.03846875000002, 'end': 141.05534375000002, 'speaker': 'SPEAKER_00'}, {'start': 141.05534375000002, 'end': 142.05096875, 'speaker': 'SPEAKER_01'}, {'start': 147.38346875000002, 'end': 149.03721875000002, 'speaker': 'SPEAKER_00'}, {'start': 149.03721875000002, 'end': 151.09596875, 'speaker': 'SPEAKER_01'}, {'start': 151.09596875, 'end': 151.70346875, 'speaker': 'SPEAKER_02'}, {'start': 151.70346875, 'end': 151.73721875, 'speaker': 'SPEAKER_01'}, {'start': 151.73721875, 'end': 151.75409375, 'speaker': 'SPEAKER_00'}, {'start': 154.28534375, 'end': 154.60596875000002, 'speaker': 'SPEAKER_01'}, {'start': 154.94346875000002, 'end': 155.12909375, 'speaker': 'SPEAKER_01'}, {'start': 158.52096875, 'end': 163.68471875, 'speaker': 'SPEAKER_02'}, {'start': 160.76534375, 'end': 160.96784375000001, 'speaker': 'SPEAKER_03'}, {'start': 161.03534375, 'end': 161.18721875, 'speaker': 'SPEAKER_03'}, {'start': 161.98034375, 'end': 171.10971875, 'speaker': 'SPEAKER_03'}, {'start': 169.25346875000002, 'end': 197.56971875000002, 'speaker': 'SPEAKER_02'}, {'start': 196.55721875, 'end': 198.95346875, 'speaker': 'SPEAKER_03'}, {'start': 198.10971875, 'end': 198.80159375000002, 'speaker': 'SPEAKER_02'}, {'start': 200.47221875000002, 'end': 205.77096875, 'speaker': 'SPEAKER_02'}, {'start': 204.60659375, 'end': 209.53409375, 'speaker': 'SPEAKER_03'}, {'start': 206.02409375000002, 'end': 206.24346875, 'speaker': 'SPEAKER_02'}, {'start': 210.17534375000002, 'end': 212.79096875000002, 'speaker': 'SPEAKER_02'}, {'start': 212.68971875000003, 'end': 212.80784375000002, 'speaker': 'SPEAKER_03'}, {'start': 212.80784375000002, 'end': 212.82471875000002, 'speaker': 'SPEAKER_02'}, {'start': 212.82471875000002, 'end': 212.97659375, 'speaker': 'SPEAKER_03'}, {'start': 212.97659375, 'end': 214.20846875, 'speaker': 'SPEAKER_02'}, {'start': 212.99346875, 'end': 216.60471875000002, 'speaker': 'SPEAKER_03'}, {'start': 214.78221875000003, 'end': 216.18284375000002, 'speaker': 'SPEAKER_02'}, {'start': 217.02659375000002, 'end': 225.05909375000002, 'speaker': 'SPEAKER_02'}, {'start': 219.84471875000003, 'end': 220.46909375, 'speaker': 'SPEAKER_03'}, {'start': 222.05534375000002, 'end': 222.07221875000002, 'speaker': 'SPEAKER_01'}, {'start': 222.07221875000002, 'end': 222.54471875000002, 'speaker': 'SPEAKER_03'}, {'start': 222.54471875000002, 'end': 222.61221875, 'speaker': 'SPEAKER_01'}, {'start': 222.61221875, 'end': 222.69659375, 'speaker': 'SPEAKER_03'}, {'start': 226.05471875, 'end': 226.88159375, 'speaker': 'SPEAKER_03'}, {'start': 226.88159375, 'end': 233.51346875000002, 'speaker': 'SPEAKER_02'}, {'start': 230.34096875, 'end': 232.18034375000002, 'speaker': 'SPEAKER_03'}, {'start': 232.23096875000002, 'end': 232.28159375, 'speaker': 'SPEAKER_03'}, {'start': 232.31534375, 'end': 234.44159375, 'speaker': 'SPEAKER_03'}, {'start': 235.08284375000002, 'end': 235.20096875000002, 'speaker': 'SPEAKER_03'}, {'start': 235.20096875000002, 'end': 235.40346875, 'speaker': 'SPEAKER_02'}, {'start': 235.40346875, 'end': 235.45409375000003, 'speaker': 'SPEAKER_03'}, {'start': 235.45409375000003, 'end': 235.69034375, 'speaker': 'SPEAKER_02'}, {'start': 235.69034375, 'end': 235.82534375, 'speaker': 'SPEAKER_03'}, {'start': 235.99409375000002, 'end': 239.36909375000002, 'speaker': 'SPEAKER_03'}, {'start': 241.37721875000003, 'end': 245.69721875000002, 'speaker': 'SPEAKER_03'}, {'start': 242.42346875, 'end': 242.44034375, 'speaker': 'SPEAKER_01'}, {'start': 242.44034375, 'end': 243.90846875000003, 'speaker': 'SPEAKER_02'}, {'start': 245.20784375000002, 'end': 250.57409375, 'speaker': 'SPEAKER_02'}, {'start': 249.73034375, 'end': 260.46284375, 'speaker': 'SPEAKER_00'}, {'start': 259.21409375, 'end': 259.33221875000004, 'speaker': 'SPEAKER_01'}, {'start': 259.33221875000004, 'end': 259.46721875000003, 'speaker': 'SPEAKER_03'}, {'start': 259.46721875000003, 'end': 259.53471875, 'speaker': 'SPEAKER_01'}, {'start': 262.65659375, 'end': 264.52971875000003, 'speaker': 'SPEAKER_01'}, {'start': 264.76596875, 'end': 271.61721875, 'speaker': 'SPEAKER_03'}, {'start': 271.93784375, 'end': 272.03909375, 'speaker': 'SPEAKER_03'}, {'start': 272.52846875, 'end': 273.72659375, 'speaker': 'SPEAKER_03'}, {'start': 274.24971875, 'end': 276.81471875, 'speaker': 'SPEAKER_02'}, {'start': 278.75534375, 'end': 284.49284375, 'speaker': 'SPEAKER_02'}, {'start': 284.49284375, 'end': 293.41971875, 'speaker': 'SPEAKER_03'}, {'start': 292.22159375, 'end': 300.06846875, 'speaker': 'SPEAKER_00'}, {'start': 295.03971875, 'end': 295.78221875, 'speaker': 'SPEAKER_03'}, {'start': 299.74784375, 'end': 299.96721875000003, 'speaker': 'SPEAKER_03'}]
2024-11-25 17:18:05,527 [[94mINFO[0m] main_controller: Appel de la fonction de transcription...
2024-11-25 17:18:05,527 [[94mINFO[0m] transcription_service: Starting transcription of diarization for tmp/tmp_audio_file_16000_mono.wav
2024-11-25 17:18:05,532 [[92mDEBUG[0m] transcription_service: Extracting segment for SPEAKER_02 from 0.03 s to 3.98 s
2024-11-25 17:18:06,104 [[92mDEBUG[0m] transcription_service: Extracting segment for SPEAKER_02 from 4.81 s to 11.46 s
2024-11-25 17:18:06,790 [[92mDEBUG[0m] transcription_service: Extracting segment for SPEAKER_02 from 11.78 s to 12.28 s
2024-11-25 17:18:06,945 [[92mDEBUG[0m] transcription_service: Extracting segment for SPEAKER_02 from 12.77 s to 22.69 s
2024-11-25 17:18:07,607 [[92mDEBUG[0m] transcription_service: Extracting segment for SPEAKER_02 from 25.43 s to 26.29 s
2024-11-25 17:18:07,852 [[92mDEBUG[0m] transcription_service: Extracting segment for SPEAKER_02 from 27.54 s to 34.30 s
2024-11-25 17:18:08,412 [[93mWARNING[0m] transcription_service: Skipping segment for SPEAKER_01: too short (0.46 s).
2024-11-25 17:18:08,414 [[92mDEBUG[0m] transcription_service: Extracting segment for SPEAKER_02 from 34.84 s to 38.79 s
2024-11-25 17:18:08,631 [[92mDEBUG[0m] transcription_service: Extracting segment for SPEAKER_03 from 38.10 s to 38.78 s
2024-11-25 17:18:08,847 [[92mDEBUG[0m] transcription_service: Extracting segment for SPEAKER_03 from 38.79 s to 43.45 s
2024-11-25 17:18:09,397 [[93mWARNING[0m] transcription_service: Skipping segment for SPEAKER_02: too short (0.44 s).
2024-11-25 17:18:09,398 [[92mDEBUG[0m] transcription_service: Extracting segment for SPEAKER_02 from 41.29 s to 42.42 s
2024-11-25 17:18:09,685 [[92mDEBUG[0m] transcription_service: Extracting segment for SPEAKER_02 from 43.20 s to 58.38 s
2024-11-25 17:18:10,871 [[93mWARNING[0m] transcription_service: Skipping segment for SPEAKER_03: too short (0.32 s).
2024-11-25 17:18:10,872 [[92mDEBUG[0m] transcription_service: Extracting segment for SPEAKER_02 from 59.73 s to 63.60 s
2024-11-25 17:18:11,161 [[92mDEBUG[0m] transcription_service: Extracting segment for SPEAKER_03 from 62.87 s to 63.41 s
2024-11-25 17:18:11,315 [[92mDEBUG[0m] transcription_service: Extracting segment for SPEAKER_03 from 65.96 s to 67.02 s
2024-11-25 17:18:11,556 [[92mDEBUG[0m] transcription_service: Extracting segment for SPEAKER_02 from 67.02 s to 67.68 s
2024-11-25 17:18:11,716 [[92mDEBUG[0m] transcription_service: Extracting segment for SPEAKER_03 from 67.04 s to 67.65 s
2024-11-25 17:18:11,870 [[92mDEBUG[0m] transcription_service: Extracting segment for SPEAKER_02 from 70.59 s to 80.04 s
2024-11-25 17:18:12,835 [[92mDEBUG[0m] transcription_service: Extracting segment for SPEAKER_01 from 80.04 s to 84.05 s
2024-11-25 17:18:13,168 [[92mDEBUG[0m] transcription_service: Extracting segment for SPEAKER_01 from 84.17 s to 85.82 s
2024-11-25 17:18:13,389 [[92mDEBUG[0m] transcription_service: Extracting segment for SPEAKER_01 from 88.46 s to 89.76 s
2024-11-25 17:18:13,610 [[93mWARNING[0m] transcription_service: Skipping segment for SPEAKER_01: too short (0.37 s).
2024-11-25 17:18:13,610 [[92mDEBUG[0m] transcription_service: Extracting segment for SPEAKER_03 from 91.19 s to 95.93 s
2024-11-25 17:18:14,387 [[92mDEBUG[0m] transcription_service: Extracting segment for SPEAKER_01 from 95.09 s to 98.19 s
2024-11-25 17:18:14,710 [[92mDEBUG[0m] transcription_service: Extracting segment for SPEAKER_03 from 99.34 s to 99.96 s
2024-11-25 17:18:14,880 [[92mDEBUG[0m] transcription_service: Extracting segment for SPEAKER_00 from 99.96 s to 100.83 s
2024-11-25 17:18:16,219 [[93mWARNING[0m] transcription_service: Skipping segment for SPEAKER_03: too short (0.02 s).
2024-11-25 17:18:16,219 [[93mWARNING[0m] transcription_service: Skipping segment for SPEAKER_01: too short (0.24 s).
2024-11-25 17:18:16,219 [[93mWARNING[0m] transcription_service: Skipping segment for SPEAKER_03: too short (0.02 s).
2024-11-25 17:18:16,219 [[93mWARNING[0m] transcription_service: Skipping segment for SPEAKER_03: too short (0.02 s).
2024-11-25 17:18:16,219 [[92mDEBUG[0m] transcription_service: Extracting segment for SPEAKER_01 from 101.31 s to 101.97 s
2024-11-25 17:18:16,413 [[93mWARNING[0m] transcription_service: Skipping segment for SPEAKER_00: too short (0.47 s).
2024-11-25 17:18:16,414 [[93mWARNING[0m] transcription_service: Skipping segment for SPEAKER_01: too short (0.12 s).
2024-11-25 17:18:16,414 [[92mDEBUG[0m] transcription_service: Extracting segment for SPEAKER_00 from 102.66 s to 105.97 s
2024-11-25 17:18:16,762 [[93mWARNING[0m] transcription_service: Skipping segment for SPEAKER_01: too short (0.24 s).
2024-11-25 17:18:16,762 [[93mWARNING[0m] transcription_service: Skipping segment for SPEAKER_01: too short (0.02 s).
2024-11-25 17:18:16,762 [[92mDEBUG[0m] transcription_service: Extracting segment for SPEAKER_02 from 103.95 s to 109.06 s
2024-11-25 17:18:17,113 [[92mDEBUG[0m] transcription_service: Extracting segment for SPEAKER_03 from 105.97 s to 106.85 s
2024-11-25 17:18:17,269 [[92mDEBUG[0m] transcription_service: Extracting segment for SPEAKER_03 from 108.67 s to 124.32 s
2024-11-25 17:18:18,820 [[93mWARNING[0m] transcription_service: Skipping segment for SPEAKER_02: too short (0.41 s).
2024-11-25 17:18:18,820 [[93mWARNING[0m] transcription_service: Skipping segment for SPEAKER_02: too short (0.37 s).
2024-11-25 17:18:18,820 [[92mDEBUG[0m] transcription_service: Extracting segment for SPEAKER_03 from 125.19 s to 159.38 s
2024-11-25 17:18:23,195 [[93mWARNING[0m] transcription_service: Skipping segment for SPEAKER_00: too short (0.44 s).
2024-11-25 17:18:23,196 [[93mWARNING[0m] transcription_service: Skipping segment for SPEAKER_00: too short (0.02 s).
2024-11-25 17:18:23,196 [[92mDEBUG[0m] transcription_service: Extracting segment for SPEAKER_01 from 141.06 s to 142.05 s
2024-11-25 17:18:23,366 [[92mDEBUG[0m] transcription_service: Extracting segment for SPEAKER_00 from 147.38 s to 149.04 s
2024-11-25 17:18:23,619 [[92mDEBUG[0m] transcription_service: Extracting segment for SPEAKER_01 from 149.04 s to 151.10 s
2024-11-25 17:18:23,938 [[92mDEBUG[0m] transcription_service: Extracting segment for SPEAKER_02 from 151.10 s to 151.70 s
2024-11-25 17:18:24,218 [[93mWARNING[0m] transcription_service: Skipping segment for SPEAKER_01: too short (0.03 s).
2024-11-25 17:18:24,219 [[93mWARNING[0m] transcription_service: Skipping segment for SPEAKER_00: too short (0.02 s).
2024-11-25 17:18:24,219 [[93mWARNING[0m] transcription_service: Skipping segment for SPEAKER_01: too short (0.32 s).
2024-11-25 17:18:24,219 [[93mWARNING[0m] transcription_service: Skipping segment for SPEAKER_01: too short (0.19 s).
2024-11-25 17:18:24,219 [[92mDEBUG[0m] transcription_service: Extracting segment for SPEAKER_02 from 158.52 s to 163.68 s
2024-11-25 17:18:25,077 [[93mWARNING[0m] transcription_service: Skipping segment for SPEAKER_03: too short (0.20 s).
2024-11-25 17:18:25,077 [[93mWARNING[0m] transcription_service: Skipping segment for SPEAKER_03: too short (0.15 s).
2024-11-25 17:18:25,077 [[92mDEBUG[0m] transcription_service: Extracting segment for SPEAKER_03 from 161.98 s to 171.11 s
2024-11-25 17:18:25,782 [[92mDEBUG[0m] transcription_service: Extracting segment for SPEAKER_02 from 169.25 s to 197.57 s
2024-11-25 17:18:28,517 [[92mDEBUG[0m] transcription_service: Extracting segment for SPEAKER_03 from 196.56 s to 198.95 s
2024-11-25 17:18:30,164 [[92mDEBUG[0m] transcription_service: Extracting segment for SPEAKER_02 from 198.11 s to 198.80 s
2024-11-25 17:18:30,420 [[92mDEBUG[0m] transcription_service: Extracting segment for SPEAKER_02 from 200.47 s to 205.77 s
2024-11-25 17:18:31,362 [[92mDEBUG[0m] transcription_service: Extracting segment for SPEAKER_03 from 204.61 s to 209.53 s
2024-11-25 17:18:32,050 [[93mWARNING[0m] transcription_service: Skipping segment for SPEAKER_02: too short (0.22 s).
2024-11-25 17:18:32,051 [[92mDEBUG[0m] transcription_service: Extracting segment for SPEAKER_02 from 210.18 s to 212.79 s
2024-11-25 17:18:32,581 [[93mWARNING[0m] transcription_service: Skipping segment for SPEAKER_03: too short (0.12 s).
2024-11-25 17:18:32,581 [[93mWARNING[0m] transcription_service: Skipping segment for SPEAKER_02: too short (0.02 s).
2024-11-25 17:18:32,582 [[93mWARNING[0m] transcription_service: Skipping segment for SPEAKER_03: too short (0.15 s).
2024-11-25 17:18:32,582 [[92mDEBUG[0m] transcription_service: Extracting segment for SPEAKER_02 from 212.98 s to 214.21 s
2024-11-25 17:18:32,731 [[92mDEBUG[0m] transcription_service: Extracting segment for SPEAKER_03 from 212.99 s to 216.60 s
2024-11-25 17:18:32,992 [[92mDEBUG[0m] transcription_service: Extracting segment for SPEAKER_02 from 214.78 s to 216.18 s
2024-11-25 17:18:33,161 [[92mDEBUG[0m] transcription_service: Extracting segment for SPEAKER_02 from 217.03 s to 225.06 s
2024-11-25 17:18:33,821 [[92mDEBUG[0m] transcription_service: Extracting segment for SPEAKER_03 from 219.84 s to 220.47 s
2024-11-25 17:18:34,018 [[93mWARNING[0m] transcription_service: Skipping segment for SPEAKER_01: too short (0.02 s).
2024-11-25 17:18:34,018 [[93mWARNING[0m] transcription_service: Skipping segment for SPEAKER_03: too short (0.47 s).
2024-11-25 17:18:34,018 [[93mWARNING[0m] transcription_service: Skipping segment for SPEAKER_01: too short (0.07 s).
2024-11-25 17:18:34,018 [[93mWARNING[0m] transcription_service: Skipping segment for SPEAKER_03: too short (0.08 s).
2024-11-25 17:18:34,018 [[92mDEBUG[0m] transcription_service: Extracting segment for SPEAKER_03 from 226.05 s to 226.88 s
2024-11-25 17:18:34,177 [[92mDEBUG[0m] transcription_service: Extracting segment for SPEAKER_02 from 226.88 s to 233.51 s
2024-11-25 17:18:34,976 [[92mDEBUG[0m] transcription_service: Extracting segment for SPEAKER_03 from 230.34 s to 232.18 s
2024-11-25 17:18:35,185 [[93mWARNING[0m] transcription_service: Skipping segment for SPEAKER_03: too short (0.05 s).
2024-11-25 17:18:35,185 [[92mDEBUG[0m] transcription_service: Extracting segment for SPEAKER_03 from 232.32 s to 234.44 s
2024-11-25 17:18:35,462 [[93mWARNING[0m] transcription_service: Skipping segment for SPEAKER_03: too short (0.12 s).
2024-11-25 17:18:35,462 [[93mWARNING[0m] transcription_service: Skipping segment for SPEAKER_02: too short (0.20 s).
2024-11-25 17:18:35,462 [[93mWARNING[0m] transcription_service: Skipping segment for SPEAKER_03: too short (0.05 s).
2024-11-25 17:18:35,462 [[93mWARNING[0m] transcription_service: Skipping segment for SPEAKER_02: too short (0.24 s).
2024-11-25 17:18:35,462 [[93mWARNING[0m] transcription_service: Skipping segment for SPEAKER_03: too short (0.13 s).
2024-11-25 17:18:35,462 [[92mDEBUG[0m] transcription_service: Extracting segment for SPEAKER_03 from 235.99 s to 239.37 s
2024-11-25 17:18:35,986 [[92mDEBUG[0m] transcription_service: Extracting segment for SPEAKER_03 from 241.38 s to 245.70 s
2024-11-25 17:18:36,325 [[93mWARNING[0m] transcription_service: Skipping segment for SPEAKER_01: too short (0.02 s).
2024-11-25 17:18:36,325 [[92mDEBUG[0m] transcription_service: Extracting segment for SPEAKER_02 from 242.44 s to 243.91 s
2024-11-25 17:18:36,662 [[92mDEBUG[0m] transcription_service: Extracting segment for SPEAKER_02 from 245.21 s to 250.57 s
2024-11-25 17:18:37,370 [[92mDEBUG[0m] transcription_service: Extracting segment for SPEAKER_00 from 249.73 s to 260.46 s
2024-11-25 17:18:38,023 [[93mWARNING[0m] transcription_service: Skipping segment for SPEAKER_01: too short (0.12 s).
2024-11-25 17:18:38,024 [[93mWARNING[0m] transcription_service: Skipping segment for SPEAKER_03: too short (0.13 s).
2024-11-25 17:18:38,024 [[93mWARNING[0m] transcription_service: Skipping segment for SPEAKER_01: too short (0.07 s).
2024-11-25 17:18:38,024 [[92mDEBUG[0m] transcription_service: Extracting segment for SPEAKER_01 from 262.66 s to 264.53 s
2024-11-25 17:18:38,312 [[92mDEBUG[0m] transcription_service: Extracting segment for SPEAKER_03 from 264.77 s to 271.62 s
2024-11-25 17:18:38,879 [[93mWARNING[0m] transcription_service: Skipping segment for SPEAKER_03: too short (0.10 s).
2024-11-25 17:18:38,879 [[92mDEBUG[0m] transcription_service: Extracting segment for SPEAKER_03 from 272.53 s to 273.73 s
2024-11-25 17:18:39,047 [[92mDEBUG[0m] transcription_service: Extracting segment for SPEAKER_02 from 274.25 s to 276.81 s
2024-11-25 17:18:39,375 [[92mDEBUG[0m] transcription_service: Extracting segment for SPEAKER_02 from 278.76 s to 284.49 s
2024-11-25 17:18:39,637 [[92mDEBUG[0m] transcription_service: Extracting segment for SPEAKER_03 from 284.49 s to 293.42 s
2024-11-25 17:18:41,242 [[92mDEBUG[0m] transcription_service: Extracting segment for SPEAKER_00 from 292.22 s to 300.07 s
2024-11-25 17:18:42,061 [[92mDEBUG[0m] transcription_service: Extracting segment for SPEAKER_03 from 295.04 s to 295.78 s
2024-11-25 17:18:42,252 [[93mWARNING[0m] transcription_service: Skipping segment for SPEAKER_03: too short (0.22 s).
2024-11-25 17:18:42,252 [[94mINFO[0m] transcription_service: Transcription completed: tmp/tmp_audio_file_16000_mono.wav
2024-11-25 17:18:42,252 [[94mINFO[0m] transcription_service: Cleaning up temporary directory.
2024-11-25 17:18:42,275 [[92mDEBUG[0m] main_controller: Nettoyage des fichiers temporaires...
2024-11-25 17:23:38,255 [[94mINFO[0m] main_controller: Arrêt de l'application...
2024-11-25 17:23:43,709 [[94mINFO[0m] root: Logging is configured.
2024-11-25 17:23:43,725 [[92mDEBUG[0m] asyncio: Using selector: SelectSelector
2024-11-25 17:23:43,741 [[94mINFO[0m] root: Logging is configured.
2024-11-25 17:23:43,743 [[94mINFO[0m] main_controller: Démarrage de l'application...
2024-11-25 17:23:52,751 [[94mINFO[0m] speechbrain.utils.quirks: Applied quirks (see `speechbrain.utils.quirks`): [disable_jit_profiling, allow_tf32]
2024-11-25 17:23:52,751 [[94mINFO[0m] speechbrain.utils.quirks: Excluded quirks specified by the `SB_DISABLE_QUIRKS` environment (comma-separated list): []
2024-11-25 17:23:54,035 [[94mINFO[0m] diarization_service: Transfert du pipeline PyAnnote sur GPU...
2024-11-25 17:23:54,054 [[94mINFO[0m] main_controller: Modèles chargés avec succès.
2024-11-25 17:24:44,643 [[94mINFO[0m] main_controller: Arrêt de l'application...
2024-11-25 17:24:49,960 [[94mINFO[0m] root: Logging is configured.
2024-11-25 17:24:49,976 [[92mDEBUG[0m] asyncio: Using selector: SelectSelector
2024-11-25 17:24:49,991 [[94mINFO[0m] root: Logging is configured.
2024-11-25 17:24:49,992 [[94mINFO[0m] main_controller: Démarrage de l'application...
2024-11-25 17:24:58,835 [[94mINFO[0m] speechbrain.utils.quirks: Applied quirks (see `speechbrain.utils.quirks`): [allow_tf32, disable_jit_profiling]
2024-11-25 17:24:58,835 [[94mINFO[0m] speechbrain.utils.quirks: Excluded quirks specified by the `SB_DISABLE_QUIRKS` environment (comma-separated list): []
2024-11-25 17:24:59,939 [[94mINFO[0m] diarization_service: Transfert du pipeline PyAnnote sur GPU...
2024-11-25 17:24:59,960 [[94mINFO[0m] main_controller: Modèles chargés avec succès.
2024-11-25 17:25:33,358 [[94mINFO[0m] main_controller: Arrêt de l'application...
2024-11-25 17:25:38,597 [[94mINFO[0m] root: Logging is configured.
2024-11-25 17:25:38,642 [[92mDEBUG[0m] asyncio: Using selector: SelectSelector
2024-11-25 17:25:38,658 [[94mINFO[0m] root: Logging is configured.
2024-11-25 17:25:38,660 [[94mINFO[0m] main_controller: Démarrage de l'application...
2024-11-25 17:25:47,439 [[94mINFO[0m] speechbrain.utils.quirks: Applied quirks (see `speechbrain.utils.quirks`): [disable_jit_profiling, allow_tf32]
2024-11-25 17:25:47,439 [[94mINFO[0m] speechbrain.utils.quirks: Excluded quirks specified by the `SB_DISABLE_QUIRKS` environment (comma-separated list): []
2024-11-25 17:25:48,521 [[94mINFO[0m] diarization_service: Transfert du pipeline PyAnnote sur GPU...
2024-11-25 17:25:48,537 [[94mINFO[0m] main_controller: Modèles chargés avec succès.
2024-11-25 17:32:35,380 [[94mINFO[0m] main_controller: Arrêt de l'application...
2024-11-25 17:32:40,779 [[94mINFO[0m] root: Logging is configured.
2024-11-25 17:32:40,794 [[92mDEBUG[0m] asyncio: Using selector: SelectSelector
2024-11-25 17:32:40,811 [[94mINFO[0m] root: Logging is configured.
2024-11-25 17:32:40,812 [[94mINFO[0m] main_controller: Démarrage de l'application...
2024-11-25 17:32:49,741 [[94mINFO[0m] speechbrain.utils.quirks: Applied quirks (see `speechbrain.utils.quirks`): [allow_tf32, disable_jit_profiling]
2024-11-25 17:32:49,741 [[94mINFO[0m] speechbrain.utils.quirks: Excluded quirks specified by the `SB_DISABLE_QUIRKS` environment (comma-separated list): []
2024-11-25 17:32:50,862 [[94mINFO[0m] diarization_service: Transfert du pipeline PyAnnote sur GPU...
2024-11-25 17:32:50,876 [[94mINFO[0m] main_controller: Modèles chargés avec succès.
2024-11-25 17:34:45,387 [[94mINFO[0m] main_controller: Arrêt de l'application...
2024-11-25 17:34:50,626 [[94mINFO[0m] root: Logging is configured.
2024-11-25 17:34:50,640 [[92mDEBUG[0m] asyncio: Using selector: SelectSelector
2024-11-25 17:34:50,655 [[94mINFO[0m] root: Logging is configured.
2024-11-25 17:34:50,657 [[94mINFO[0m] main_controller: Démarrage de l'application...
2024-11-25 17:34:59,578 [[94mINFO[0m] speechbrain.utils.quirks: Applied quirks (see `speechbrain.utils.quirks`): [disable_jit_profiling, allow_tf32]
2024-11-25 17:34:59,579 [[94mINFO[0m] speechbrain.utils.quirks: Excluded quirks specified by the `SB_DISABLE_QUIRKS` environment (comma-separated list): []
2024-11-25 17:35:00,664 [[94mINFO[0m] diarization_service: Transfert du pipeline PyAnnote sur GPU...
2024-11-25 17:35:00,679 [[94mINFO[0m] main_controller: Modèles chargés avec succès.
2024-11-25 17:35:00,680 [[94mINFO[0m] main_controller: Arrêt de l'application...
2024-11-25 17:35:05,965 [[94mINFO[0m] root: Logging is configured.
2024-11-25 17:35:05,980 [[92mDEBUG[0m] asyncio: Using selector: SelectSelector
2024-11-25 17:35:05,996 [[94mINFO[0m] root: Logging is configured.
2024-11-25 17:35:05,998 [[94mINFO[0m] main_controller: Démarrage de l'application...
2024-11-25 17:35:14,992 [[94mINFO[0m] speechbrain.utils.quirks: Applied quirks (see `speechbrain.utils.quirks`): [allow_tf32, disable_jit_profiling]
2024-11-25 17:35:14,993 [[94mINFO[0m] speechbrain.utils.quirks: Excluded quirks specified by the `SB_DISABLE_QUIRKS` environment (comma-separated list): []
2024-11-25 17:35:16,229 [[94mINFO[0m] diarization_service: Transfert du pipeline PyAnnote sur GPU...
2024-11-25 17:35:16,251 [[94mINFO[0m] main_controller: Modèles chargés avec succès.
2024-11-25 17:35:19,851 [[94mINFO[0m] main_controller: Arrêt de l'application...
2024-11-25 17:35:25,177 [[94mINFO[0m] root: Logging is configured.
2024-11-25 17:35:25,193 [[92mDEBUG[0m] asyncio: Using selector: SelectSelector
2024-11-25 17:35:25,209 [[94mINFO[0m] root: Logging is configured.
2024-11-25 17:35:25,211 [[94mINFO[0m] main_controller: Démarrage de l'application...
2024-11-25 17:35:34,055 [[94mINFO[0m] speechbrain.utils.quirks: Applied quirks (see `speechbrain.utils.quirks`): [disable_jit_profiling, allow_tf32]
2024-11-25 17:35:34,055 [[94mINFO[0m] speechbrain.utils.quirks: Excluded quirks specified by the `SB_DISABLE_QUIRKS` environment (comma-separated list): []
2024-11-25 17:35:35,163 [[94mINFO[0m] diarization_service: Transfert du pipeline PyAnnote sur GPU...
2024-11-25 17:35:35,180 [[94mINFO[0m] main_controller: Modèles chargés avec succès.
2024-11-25 17:35:45,327 [[94mINFO[0m] main_controller: Arrêt de l'application...
2024-11-25 17:36:18,747 [[94mINFO[0m] root: Logging is configured.
2024-11-25 17:36:18,759 [[94mINFO[0m] main_controller: {'APP_NAME': 'AI Backend', 'APP_VERSION': '1.0.0', 'ENVIRONMENT': 'DEV  # Change à "PROD" pour la production', 'POSTGRES_URL': 'postgresql+psycopg2://username:password@localhost:5432/mydatabase', 'LOG_LEVEL': 'DEBUG  # DEBUG, INFO, WARNING, ERROR ou CRITICAL', 'LOG_FILE': 'application', 'AI_MODEL_PATH': '/path/to/your/model  # Chemin vers le modèle IA (Whisper, etc.)', 'DIARIZATION_MODEL_PATH': '/path/to/diarization/pipeline', 'AUDIO_TEMP_DIR': '/tmp/audio_files  # Répertoire pour les fichiers audio temporaires', 'CLOUDINARY_CLOUD_NAME': 'dgzxpywll', 'CLOUDINARY_API_KEY': '764134395262372', 'CLOUDINARY_API_SECRET': 'wipD9aV4de34jjTj3LUHNtJXuW4'}
2024-11-25 17:36:23,269 [[94mINFO[0m] root: Logging is configured.
2024-11-25 17:36:23,283 [[92mDEBUG[0m] asyncio: Using selector: SelectSelector
2024-11-25 17:36:23,300 [[94mINFO[0m] root: Logging is configured.
2024-11-25 17:36:23,302 [[94mINFO[0m] main_controller: Démarrage de l'application...
2024-11-25 17:36:32,122 [[94mINFO[0m] speechbrain.utils.quirks: Applied quirks (see `speechbrain.utils.quirks`): [disable_jit_profiling, allow_tf32]
2024-11-25 17:36:32,122 [[94mINFO[0m] speechbrain.utils.quirks: Excluded quirks specified by the `SB_DISABLE_QUIRKS` environment (comma-separated list): []
2024-11-25 17:36:33,213 [[94mINFO[0m] diarization_service: Transfert du pipeline PyAnnote sur GPU...
2024-11-25 17:36:33,231 [[94mINFO[0m] main_controller: Modèles chargés avec succès.
2024-11-25 17:38:19,800 [[94mINFO[0m] main_controller: Arrêt de l'application...
2024-11-25 17:38:25,226 [[94mINFO[0m] root: Logging is configured.
2024-11-25 17:38:25,242 [[92mDEBUG[0m] asyncio: Using selector: SelectSelector
2024-11-25 17:38:25,257 [[94mINFO[0m] root: Logging is configured.
2024-11-25 17:38:25,258 [[94mINFO[0m] main_controller: Démarrage de l'application...
2024-11-25 17:38:34,100 [[94mINFO[0m] speechbrain.utils.quirks: Applied quirks (see `speechbrain.utils.quirks`): [allow_tf32, disable_jit_profiling]
2024-11-25 17:38:34,100 [[94mINFO[0m] speechbrain.utils.quirks: Excluded quirks specified by the `SB_DISABLE_QUIRKS` environment (comma-separated list): []
2024-11-25 17:38:35,357 [[94mINFO[0m] diarization_service: Transfert du pipeline PyAnnote sur GPU...
2024-11-25 17:38:35,371 [[94mINFO[0m] main_controller: Modèles chargés avec succès.
